# JRE version: OpenJDK Runtime Environment (11.0.13) (build 11.0.13+0-b1751.21-8125866)
# Java VM: OpenJDK 64-Bit Server VM (11.0.13+0-b1751.21-8125866, mixed mode, tiered, compressed oops, g1 gc, windows-amd64)
Heap:
 garbage-first heap   total 272384K, used 201267K [0x0000000080000000, 0x0000000100000000)
  region size 1024K, 16 young (16384K), 4 survivors (4096K)
 Metaspace       used 146146K, capacity 152114K, committed 152296K, reserved 1181696K
  class space    used 18067K, capacity 20148K, committed 20224K, reserved 1048576K
GC Heap History (20 events):
Event: 3456.854 GC heap before
{Heap before GC invocations=122 (full 0):
 garbage-first heap   total 272384K, used 231839K [0x0000000080000000, 0x0000000100000000)
  region size 1024K, 51 young (52224K), 2 survivors (2048K)
 Metaspace       used 142756K, capacity 148700K, committed 148968K, reserved 1179648K
  class space    used 17823K, capacity 19919K, committed 19968K, reserved 1048576K
}
Event: 3456.867 GC heap after
{Heap after GC invocations=123 (full 0):
 garbage-first heap   total 272384K, used 187964K [0x0000000080000000, 0x0000000100000000)
  region size 1024K, 7 young (7168K), 7 survivors (7168K)
 Metaspace       used 142756K, capacity 148700K, committed 148968K, reserved 1179648K
  class space    used 17823K, capacity 19919K, committed 19968K, reserved 1048576K
}
Event: 3457.257 GC heap before
{Heap before GC invocations=124 (full 0):
 garbage-first heap   total 272384K, used 241212K [0x0000000080000000, 0x0000000100000000)
  region size 1024K, 50 young (51200K), 7 survivors (7168K)
 Metaspace       used 143024K, capacity 148960K, committed 149224K, reserved 1179648K
  class space    used 17845K, capacity 19920K, committed 19968K, reserved 1048576K
}
Event: 3457.274 GC heap after
{Heap after GC invocations=125 (full 0):
 garbage-first heap   total 272384K, used 205083K [0x0000000080000000, 0x0000000100000000)
  region size 1024K, 7 young (7168K), 7 survivors (7168K)
 Metaspace       used 143024K, capacity 148960K, committed 149224K, reserved 1179648K
  class space    used 17845K, capacity 19920K, committed 19968K, reserved 1048576K
}
Event: 3457.292 GC heap before
{Heap before GC invocations=125 (full 0):
 garbage-first heap   total 272384K, used 211227K [0x0000000080000000, 0x0000000100000000)
  region size 1024K, 13 young (13312K), 7 survivors (7168K)
 Metaspace       used 143025K, capacity 148960K, committed 149224K, reserved 1179648K
  class space    used 17845K, capacity 19920K, committed 19968K, reserved 1048576K
}
Event: 3457.301 GC heap after
{Heap after GC invocations=126 (full 0):
 garbage-first heap   total 272384K, used 207119K [0x0000000080000000, 0x0000000100000000)
  region size 1024K, 2 young (2048K), 2 survivors (2048K)
 Metaspace       used 143025K, capacity 148960K, committed 149224K, reserved 1179648K
  class space    used 17845K, capacity 19920K, committed 19968K, reserved 1048576K
}
Event: 3457.381 GC heap before
{Heap before GC invocations=126 (full 0):
 garbage-first heap   total 272384K, used 226575K [0x0000000080000000, 0x0000000100000000)
  region size 1024K, 22 young (22528K), 2 survivors (2048K)
 Metaspace       used 143051K, capacity 148964K, committed 149224K, reserved 1179648K
  class space    used 17847K, capacity 19921K, committed 19968K, reserved 1048576K
}
Event: 3457.390 GC heap after
{Heap after GC invocations=127 (full 0):
 garbage-first heap   total 272384K, used 213679K [0x0000000080000000, 0x0000000100000000)
  region size 1024K, 4 young (4096K), 4 survivors (4096K)
 Metaspace       used 143051K, capacity 148964K, committed 149224K, reserved 1179648K
  class space    used 17847K, capacity 19921K, committed 19968K, reserved 1048576K
}
Event: 3457.611 GC heap before
{Heap before GC invocations=128 (full 0):
 garbage-first heap   total 272384K, used 248495K [0x0000000080000000, 0x0000000100000000)
  region size 1024K, 22 young (22528K), 4 survivors (4096K)
 Metaspace       used 143544K, capacity 149489K, committed 149736K, reserved 1179648K
  class space    used 17872K, capacity 19956K, committed 19968K, reserved 1048576K
}
Event: 3457.619 GC heap after
{Heap after GC invocations=129 (full 0):
 garbage-first heap   total 272384K, used 215944K [0x0000000080000000, 0x0000000100000000)
  region size 1024K, 3 young (3072K), 3 survivors (3072K)
 Metaspace       used 143544K, capacity 149489K, committed 149736K, reserved 1179648K
  class space    used 17872K, capacity 19956K, committed 19968K, reserved 1048576K
}
Event: 3457.752 GC heap before
{Heap before GC invocations=129 (full 0):
 garbage-first heap   total 272384K, used 225160K [0x0000000080000000, 0x0000000100000000)
  region size 1024K, 13 young (13312K), 3 survivors (3072K)
 Metaspace       used 143793K, capacity 149745K, committed 149992K, reserved 1179648K
  class space    used 17887K, capacity 19956K, committed 19968K, reserved 1048576K
}
Event: 3457.767 GC heap after
{Heap after GC invocations=130 (full 0):
 garbage-first heap   total 272384K, used 206457K [0x0000000080000000, 0x0000000100000000)
  region size 1024K, 2 young (2048K), 2 survivors (2048K)
 Metaspace       used 143793K, capacity 149745K, committed 149992K, reserved 1179648K
  class space    used 17887K, capacity 19956K, committed 19968K, reserved 1048576K
}
Event: 3458.040 GC heap before
{Heap before GC invocations=130 (full 0):
 garbage-first heap   total 272384K, used 227961K [0x0000000080000000, 0x0000000100000000)
  region size 1024K, 23 young (23552K), 2 survivors (2048K)
 Metaspace       used 145076K, capacity 151025K, committed 151144K, reserved 1181696K
  class space    used 17986K, capacity 20084K, committed 20096K, reserved 1048576K
}
Event: 3458.048 GC heap after
{Heap after GC invocations=131 (full 0):
 garbage-first heap   total 272384K, used 210115K [0x0000000080000000, 0x0000000100000000)
  region size 1024K, 3 young (3072K), 3 survivors (3072K)
 Metaspace       used 145076K, capacity 151025K, committed 151144K, reserved 1181696K
  class space    used 17986K, capacity 20084K, committed 20096K, reserved 1048576K
}
Event: 3458.326 GC heap before
{Heap before GC invocations=132 (full 0):
 garbage-first heap   total 272384K, used 217283K [0x0000000080000000, 0x0000000100000000)
  region size 1024K, 23 young (23552K), 3 survivors (3072K)
 Metaspace       used 146137K, capacity 152113K, committed 152296K, reserved 1181696K
  class space    used 18067K, capacity 20148K, committed 20224K, reserved 1048576K
}
Event: 3458.333 GC heap after
{Heap after GC invocations=133 (full 0):
 garbage-first heap   total 272384K, used 198099K [0x0000000080000000, 0x0000000100000000)
  region size 1024K, 1 young (1024K), 1 survivors (1024K)
 Metaspace       used 146137K, capacity 152113K, committed 152296K, reserved 1181696K
  class space    used 18067K, capacity 20148K, committed 20224K, reserved 1048576K
}
Event: 3461.526 GC heap before
{Heap before GC invocations=133 (full 0):
 garbage-first heap   total 272384K, used 210387K [0x0000000080000000, 0x0000000100000000)
  region size 1024K, 13 young (13312K), 1 survivors (1024K)
 Metaspace       used 146141K, capacity 152113K, committed 152296K, reserved 1181696K
  class space    used 18067K, capacity 20148K, committed 20224K, reserved 1048576K
}
Event: 3461.533 GC heap after
{Heap after GC invocations=134 (full 0):
 garbage-first heap   total 272384K, used 188010K [0x0000000080000000, 0x0000000100000000)
  region size 1024K, 2 young (2048K), 2 survivors (2048K)
 Metaspace       used 146141K, capacity 152113K, committed 152296K, reserved 1181696K
  class space    used 18067K, capacity 20148K, committed 20224K, reserved 1048576K
}
Event: 3461.852 GC heap before
{Heap before GC invocations=134 (full 0):
 garbage-first heap   total 272384K, used 216682K [0x0000000080000000, 0x0000000100000000)
  region size 1024K, 31 young (31744K), 2 survivors (2048K)
 Metaspace       used 146141K, capacity 152113K, committed 152296K, reserved 1181696K
  class space    used 18067K, capacity 20148K, committed 20224K, reserved 1048576K
}
Event: 3461.862 GC heap after
{Heap after GC invocations=135 (full 0):
 garbage-first heap   total 272384K, used 190003K [0x0000000080000000, 0x0000000100000000)
  region size 1024K, 4 young (4096K), 4 survivors (4096K)
 Metaspace       used 146141K, capacity 152113K, committed 152296K, reserved 1181696K
  class space    used 18067K, capacity 20148K, committed 20224K, reserved 1048576K
}

